0 info it worked if it ends with ok
1 verbose cli [ 'node', '/usr/local/bin/npm', 'install', '-g', 'node-dev' ]
2 info using npm@2.11.3
3 info using node@v0.12.7
4 verbose install initial load of /usr/local/lib/package.json
5 verbose readDependencies loading dependencies from /usr/local/lib/package.json
6 silly cache add args [ 'node-dev', null ]
7 verbose cache add spec node-dev
8 silly cache add parsed spec { raw: 'node-dev',
8 silly cache add   scope: null,
8 silly cache add   name: 'node-dev',
8 silly cache add   rawSpec: '',
8 silly cache add   spec: '*',
8 silly cache add   type: 'range' }
9 silly addNamed node-dev@*
10 verbose addNamed "*" is a valid semver range for node-dev
11 silly addNameRange { name: 'node-dev', range: '*', hasData: false }
12 silly mapToRegistry name node-dev
13 silly mapToRegistry using default registry
14 silly mapToRegistry registry https://registry.npmjs.org/
15 silly mapToRegistry uri https://registry.npmjs.org/node-dev
16 verbose addNameRange registry:https://registry.npmjs.org/node-dev not in flight; fetching
17 verbose request uri https://registry.npmjs.org/node-dev
18 verbose request no auth needed
19 info attempt registry request try #1 at 4:29:34 PM
20 verbose request id eb1b3fb2c4a07742
21 verbose etag "BP99XWRIZUYDWF3HDV6PX5F7L"
22 http request GET https://registry.npmjs.org/node-dev
23 http 200 https://registry.npmjs.org/node-dev
24 silly get cb [ 200,
24 silly get   { server: 'CouchDB/1.5.0 (Erlang OTP/R16B03)',
24 silly get     etag: '"5RA2KDTL6WW2ZJP74OB6S2RXV"',
24 silly get     'content-type': 'application/json',
24 silly get     'cache-control': 'max-age=60',
24 silly get     'content-length': '47264',
24 silly get     'accept-ranges': 'bytes',
24 silly get     date: 'Tue, 25 Aug 2015 13:29:35 GMT',
24 silly get     via: '1.1 varnish',
24 silly get     age: '0',
24 silly get     connection: 'keep-alive',
24 silly get     'x-served-by': 'cache-lhr6329-LHR',
24 silly get     'x-cache': 'HIT',
24 silly get     'x-cache-hits': '1',
24 silly get     'x-timer': 'S1440509374.961705,VS0,VE88',
24 silly get     vary: 'Accept' } ]
25 verbose get saving node-dev to /Users/NatalieMenahem/.npm/registry.npmjs.org/node-dev/.cache.json
26 silly addNameRange number 2 { name: 'node-dev', range: '*', hasData: true }
27 silly addNameRange versions [ 'node-dev',
27 silly addNameRange   [ '0.1.3',
27 silly addNameRange     '0.1.4',
27 silly addNameRange     '0.1.5',
27 silly addNameRange     '0.1.6',
27 silly addNameRange     '0.1.8',
27 silly addNameRange     '0.1.9',
27 silly addNameRange     '0.2.0',
27 silly addNameRange     '0.2.1',
27 silly addNameRange     '0.2.2',
27 silly addNameRange     '0.2.3',
27 silly addNameRange     '0.2.4',
27 silly addNameRange     '0.2.5',
27 silly addNameRange     '0.2.6',
27 silly addNameRange     '0.2.7',
27 silly addNameRange     '0.2.8',
27 silly addNameRange     '0.2.9',
27 silly addNameRange     '0.2.10',
27 silly addNameRange     '0.3.0',
27 silly addNameRange     '2.0.0',
27 silly addNameRange     '2.0.1',
27 silly addNameRange     '2.0.2',
27 silly addNameRange     '2.1.0',
27 silly addNameRange     '2.1.1',
27 silly addNameRange     '2.1.2',
27 silly addNameRange     '2.1.3',
27 silly addNameRange     '2.1.4',
27 silly addNameRange     '2.1.5',
27 silly addNameRange     '2.1.6',
27 silly addNameRange     '2.2.0',
27 silly addNameRange     '2.3.0',
27 silly addNameRange     '2.4.0',
27 silly addNameRange     '2.4.1',
27 silly addNameRange     '2.5.0',
27 silly addNameRange     '2.6.0',
27 silly addNameRange     '2.6.1',
27 silly addNameRange     '2.6.2',
27 silly addNameRange     '2.7.0',
27 silly addNameRange     '2.7.1' ] ]
28 silly addNamed node-dev@2.7.1
29 verbose addNamed "2.7.1" is a plain semver version for node-dev
30 silly mapToRegistry name node-dev
31 silly mapToRegistry using default registry
32 silly mapToRegistry registry https://registry.npmjs.org/
33 silly mapToRegistry uri https://registry.npmjs.org/node-dev
34 verbose addRemoteTarball https://registry.npmjs.org/node-dev/-/node-dev-2.7.1.tgz not in flight; adding
35 verbose addRemoteTarball [ 'https://registry.npmjs.org/node-dev/-/node-dev-2.7.1.tgz',
35 verbose addRemoteTarball   '39c7cb835256ac769ff0ab8cac166beaccc0312a' ]
36 info retry fetch attempt 1 at 4:29:35 PM
37 info attempt registry request try #1 at 4:29:35 PM
38 http fetch GET https://registry.npmjs.org/node-dev/-/node-dev-2.7.1.tgz
39 http fetch 200 https://registry.npmjs.org/node-dev/-/node-dev-2.7.1.tgz
40 silly fetchAndShaCheck shasum 39c7cb835256ac769ff0ab8cac166beaccc0312a
41 verbose addTmpTarball /var/folders/bt/6wccqphd34x3fzw6549vxc_c0000gn/T/npm-845-3b239b14/registry.npmjs.org/node-dev/-/node-dev-2.7.1.tgz not in flight; adding
42 verbose addTmpTarball already have metadata; skipping unpack for node-dev@2.7.1
43 silly cache afterAdd node-dev@2.7.1
44 verbose afterAdd /Users/NatalieMenahem/.npm/node-dev/2.7.1/package/package.json not in flight; writing
45 verbose afterAdd /Users/NatalieMenahem/.npm/node-dev/2.7.1/package/package.json written
46 silly install resolved [ { name: 'node-dev',
46 silly install resolved     version: '2.7.1',
46 silly install resolved     description: 'Restarts your app when files are modified',
46 silly install resolved     keywords: [ 'restart', 'reload', 'supervisor', 'monitor', 'watch' ],
46 silly install resolved     author: { name: 'Felix Gnass' },
46 silly install resolved     contributors: [ [Object] ],
46 silly install resolved     repository: { type: 'git', url: 'http://github.com/fgnass/node-dev.git' },
46 silly install resolved     license: 'MIT',
46 silly install resolved     bin: { 'node-dev': './bin/node-dev' },
46 silly install resolved     main: './lib',
46 silly install resolved     preferGlobal: true,
46 silly install resolved     engines: { node: '>=0.8.0' },
46 silly install resolved     scripts: { test: 'tap test/*.js' },
46 silly install resolved     dependencies:
46 silly install resolved      { dateformat: '~1.0.4-1.2.3',
46 silly install resolved        'dynamic-dedupe': '^0.2.0',
46 silly install resolved        filewatcher: '~1.1.1',
46 silly install resolved        minimist: '^1.1.3',
46 silly install resolved        'node-notifier': '^4.0.2',
46 silly install resolved        resolve: '^1.0.0' },
46 silly install resolved     devDependencies: { 'coffee-script': '^1.8.0', tap: '^1.3.2', touch: '^1.0.0' },
46 silly install resolved     gitHead: '9ecb967a5f4dd6e5798759aa9c186cc3e4be90eb',
46 silly install resolved     bugs: { url: 'https://github.com/fgnass/node-dev/issues' },
46 silly install resolved     homepage: 'https://github.com/fgnass/node-dev',
46 silly install resolved     _id: 'node-dev@2.7.1',
46 silly install resolved     _shasum: '39c7cb835256ac769ff0ab8cac166beaccc0312a',
46 silly install resolved     _from: 'node-dev@*',
46 silly install resolved     _npmVersion: '2.11.2',
46 silly install resolved     _nodeVersion: '0.12.5',
46 silly install resolved     _npmUser: { name: 'fgnass', email: 'fgnass@gmail.com' },
46 silly install resolved     maintainers: [ [Object], [Object] ],
46 silly install resolved     dist:
46 silly install resolved      { shasum: '39c7cb835256ac769ff0ab8cac166beaccc0312a',
46 silly install resolved        tarball: 'http://registry.npmjs.org/node-dev/-/node-dev-2.7.1.tgz' },
46 silly install resolved     directories: {},
46 silly install resolved     _resolved: 'https://registry.npmjs.org/node-dev/-/node-dev-2.7.1.tgz' } ]
47 info install node-dev@2.7.1 into /usr/local/lib
48 info installOne node-dev@2.7.1
49 verbose installOne of node-dev to /usr/local/lib not in flight; installing
50 verbose lock using /Users/NatalieMenahem/.npm/_locks/node-dev-416a53f8046d7165.lock for /usr/local/lib/node_modules/node-dev
51 silly install write writing node-dev 2.7.1 to /usr/local/lib/node_modules/node-dev
52 verbose unbuild lib/node_modules/node-dev
53 silly gentlyRm /usr/local/lib/node_modules/node-dev is being purged from base /usr/local
54 verbose gentlyRm don't care about contents; nuking /usr/local/lib/node_modules/node-dev
55 verbose tar unpack /Users/NatalieMenahem/.npm/node-dev/2.7.1/package.tgz
56 verbose tar unpacking to /usr/local/lib/node_modules/node-dev
57 silly gentlyRm /usr/local/lib/node_modules/node-dev is being purged
58 verbose gentlyRm don't care about contents; nuking /usr/local/lib/node_modules/node-dev
59 silly gunzTarPerm modes [ '755', '644' ]
60 error tar.unpack untar error /Users/NatalieMenahem/.npm/node-dev/2.7.1/package.tgz
61 verbose unlock done using /Users/NatalieMenahem/.npm/_locks/node-dev-416a53f8046d7165.lock for /usr/local/lib/node_modules/node-dev
62 verbose fstream_path /usr/local/lib/node_modules/node-dev
63 verbose fstream_type Directory
64 verbose fstream_class DirWriter
65 verbose stack Error: EACCES, mkdir '/usr/local/lib/node_modules/node-dev'
65 verbose stack     at Error (native)
66 verbose fstream_stack /usr/local/lib/node_modules/npm/node_modules/fstream/lib/dir-writer.js:35:25
66 verbose fstream_stack /usr/local/lib/node_modules/npm/node_modules/mkdirp/index.js:47:53
66 verbose fstream_stack FSReqWrap.oncomplete (fs.js:95:15)
67 verbose cwd /Users/NatalieMenahem/Documents/MyTodoApp
68 error Darwin 15.0.0
69 error argv "node" "/usr/local/bin/npm" "install" "-g" "node-dev"
70 error node v0.12.7
71 error npm  v2.11.3
72 error path /usr/local/lib/node_modules/node-dev
73 error code EACCES
74 error errno -13
75 error Error: EACCES, mkdir '/usr/local/lib/node_modules/node-dev'
75 error     at Error (native)
75 error  { [Error: EACCES, mkdir '/usr/local/lib/node_modules/node-dev']
75 error   errno: -13,
75 error   code: 'EACCES',
75 error   path: '/usr/local/lib/node_modules/node-dev',
75 error   fstream_type: 'Directory',
75 error   fstream_path: '/usr/local/lib/node_modules/node-dev',
75 error   fstream_class: 'DirWriter',
75 error   fstream_stack:
75 error    [ '/usr/local/lib/node_modules/npm/node_modules/fstream/lib/dir-writer.js:35:25',
75 error      '/usr/local/lib/node_modules/npm/node_modules/mkdirp/index.js:47:53',
75 error      'FSReqWrap.oncomplete (fs.js:95:15)' ] }
76 error Please try running this command again as root/Administrator.
77 verbose exit [ -13, true ]
78 verbose unbuild lib/node_modules/node-dev
79 silly gentlyRm /usr/local/lib/node_modules/node-dev is being purged from base /usr/local
80 verbose gentlyRm don't care about contents; nuking /usr/local/lib/node_modules/node-dev
